\BOOKMARK [0][]{chapter.1}{Introduction}{}
\BOOKMARK [1][]{section.1.1}{Motivation and Problem Description}{chapter.1}
\BOOKMARK [1][]{section.1.2}{Goals}{chapter.1}
\BOOKMARK [0][]{chapter.2}{Requirements Specification}{}
\BOOKMARK [1][]{section.2.1}{Target Groups}{chapter.2}
\BOOKMARK [1][]{section.2.2}{Roles and Actors}{chapter.2}
\BOOKMARK [1][]{section.2.3}{Functional Requirements \(Use Case Model\)}{chapter.2}
\BOOKMARK [1][]{section.2.4}{Use case overview}{chapter.2}
\BOOKMARK [2][]{subsection.2.4.1}{Info}{section.2.4}
\BOOKMARK [3][]{usecasenr.10}{/UC 10/ Info}{subsection.2.4.1}
\BOOKMARK [3][]{usecasenr.20}{/UC 20/ Show TPM Capabilities}{subsection.2.4.1}
\BOOKMARK [3][]{usecasenr.30}{/UC 30/ TPM Details}{subsection.2.4.1}
\BOOKMARK [3][]{usecasenr.40}{/UC 40/ PCRs}{subsection.2.4.1}
\BOOKMARK [2][]{subsection.2.4.2}{Owner Settings}{section.2.4}
\BOOKMARK [3][]{usecasenr.50}{/UC 50/ Take Ownership}{subsection.2.4.2}
\BOOKMARK [3][]{usecasenr.60}{/UC 60/ Change Owner Password}{subsection.2.4.2}
\BOOKMARK [3][]{usecasenr.70}{/UC 70/ Clear Ownership}{subsection.2.4.2}
\BOOKMARK [3][]{usecasenr.80}{/UC 80/ Create Maintenance Archive}{subsection.2.4.2}
\BOOKMARK [3][]{usecasenr.90}{/UC 90/ Load Maintenance Archive}{subsection.2.4.2}
\BOOKMARK [2][]{subsection.2.4.3}{TPM Settings}{section.2.4}
\BOOKMARK [3][]{usecasenr.100}{/UC 100/ TPM Deactivation}{subsection.2.4.3}
\BOOKMARK [3][]{usecasenr.110}{/UC 110/ Disable \(Enable\) the TPM}{subsection.2.4.3}
\BOOKMARK [3][]{usecasenr.120}{/UC 120/ Create Endorsement Key}{subsection.2.4.3}
\BOOKMARK [3][]{usecasenr.130}{/UC 130/ Read Public Endorsement Key}{subsection.2.4.3}
\BOOKMARK [3][]{usecasenr.140}{/UC 140/ Restrict Public Endorsement Key}{subsection.2.4.3}
\BOOKMARK [3][]{usecasenr.150}{/UC 150/ Read TPM Endorsementcertificate}{subsection.2.4.3}
\BOOKMARK [3][]{usecasenr.160}{/UC 160/ Self test}{subsection.2.4.3}
\BOOKMARK [2][]{subsection.2.4.4}{Advanced}{section.2.4}
\BOOKMARK [3][]{usecasenr.170}{/UC 170/ Enable Critical Functions}{subsection.2.4.4}
\BOOKMARK [3][]{usecasenr.180}{/UC 180/ Disable Maintenance Feature}{subsection.2.4.4}
\BOOKMARK [3][]{usecasenr.190}{/UC 190/ Revoke Trust}{subsection.2.4.4}
\BOOKMARK [2][]{subsection.2.4.5}{Misc.}{section.2.4}
\BOOKMARK [3][]{usecasenr.200}{/UC 200/ New Password}{subsection.2.4.5}
\BOOKMARK [3][]{usecasenr.210}{/UC 210/ Owner Authentication}{subsection.2.4.5}
\BOOKMARK [3][]{usecasenr.220}{/UC 220/ Warning Message}{subsection.2.4.5}
\BOOKMARK [1][]{section.2.5}{Supplementary Requirements}{chapter.2}
\BOOKMARK [2][]{subsection.2.5.1}{Preconditions}{section.2.5}
\BOOKMARK [3][]{section*.3}{/PR 10/ TSS}{subsection.2.5.1}
\BOOKMARK [3][]{section*.4}{/PR 20/ Widget Library}{subsection.2.5.1}
\BOOKMARK [3][]{section*.5}{/PR 30/ TPM-enabled BIOS}{subsection.2.5.1}
\BOOKMARK [2][]{subsection.2.5.2}{Required Criteria}{section.2.5}
\BOOKMARK [3][]{section*.6}{/MR 10/ Linux support}{subsection.2.5.2}
\BOOKMARK [2][]{subsection.2.5.3}{Desired Criteria}{section.2.5}
\BOOKMARK [3][]{section*.7}{/DR 10/ Turaya support}{subsection.2.5.3}
\BOOKMARK [2][]{subsection.2.5.4}{Execution Environment}{section.2.5}
\BOOKMARK [3][]{subsubsection.2.5.4.1}{Software}{subsection.2.5.4}
\BOOKMARK [3][]{subsubsection.2.5.4.2}{Hardware}{subsection.2.5.4}
\BOOKMARK [2][]{subsection.2.5.5}{Development Environment}{section.2.5}
\BOOKMARK [2][]{subsection.2.5.6}{Software}{section.2.5}
\BOOKMARK [2][]{subsection.2.5.7}{Hardware}{section.2.5}
\BOOKMARK [0][]{chapter.3}{Software Architecture}{}
\BOOKMARK [1][]{section.3.1}{Introduction}{chapter.3}
\BOOKMARK [1][]{section.3.2}{Logical View}{chapter.3}
\BOOKMARK [2][]{subsection.3.2.1}{Overview}{section.3.2}
\BOOKMARK [2][]{subsection.3.2.2}{Architecturally Significant Design Packages}{section.3.2}
\BOOKMARK [1][]{section.3.3}{Use Case Realization}{chapter.3}
\BOOKMARK [2][]{subsection.3.3.1}{Use Case Take Ownership}{section.3.3}
\BOOKMARK [2][]{subsection.3.3.2}{Use Case Enable/Disable}{section.3.3}
\BOOKMARK [2][]{subsection.3.3.3}{Use Case PCRs}{section.3.3}
\BOOKMARK [0][]{chapter.4}{User Manual}{}
\BOOKMARK [1][]{section.4.1}{Requirements}{chapter.4}
\BOOKMARK [1][]{section.4.2}{Installation and Configuration}{chapter.4}
\BOOKMARK [1][]{section.4.3}{Usage}{chapter.4}
\BOOKMARK [2][]{subsection.4.3.1}{Overview}{section.4.3}
\BOOKMARK [2][]{subsection.4.3.2}{Info}{section.4.3}
\BOOKMARK [3][]{subsubsection.4.3.2.1}{Status tab}{subsection.4.3.2}
\BOOKMARK [3][]{subsubsection.4.3.2.2}{Details tab}{subsection.4.3.2}
\BOOKMARK [3][]{subsubsection.4.3.2.3}{Capabilities tab}{subsection.4.3.2}
\BOOKMARK [3][]{subsubsection.4.3.2.4}{PCRs tab}{subsection.4.3.2}
\BOOKMARK [2][]{subsection.4.3.3}{Owner Settings}{section.4.3}
\BOOKMARK [3][]{subsubsection.4.3.3.1}{Ownership tab}{subsection.4.3.3}
\BOOKMARK [3][]{subsubsection.4.3.3.2}{Backup tab}{subsection.4.3.3}
\BOOKMARK [2][]{subsection.4.3.4}{TPM Settings}{section.4.3}
\BOOKMARK [3][]{subsubsection.4.3.4.1}{Operational Modes tab}{subsection.4.3.4}
\BOOKMARK [3][]{subsubsection.4.3.4.2}{Identitiy tab}{subsection.4.3.4}
\BOOKMARK [3][]{subsubsection.4.3.4.3}{Selftest tab}{subsection.4.3.4}
\BOOKMARK [3][]{subsubsection.4.3.4.4}{TPM Certificate tab}{subsection.4.3.4}
\BOOKMARK [2][]{subsection.4.3.5}{Advanced}{section.4.3}
\BOOKMARK [1][]{section.4.4}{Open Issues}{chapter.4}
\BOOKMARK [0][]{section.4.4}{Bibliography}{}
\BOOKMARK [0][]{section*.11}{List of Acronyms}{}
\BOOKMARK [0][]{section*.13}{Glossary}{}
