This is pdfeTeX, Version 3.141592-1.30.5-2.2 (Web2C 7.5.5) (format=pdflatex 2008.4.22)  12 SEP 2008 21:16
entering extended mode
**/home/anoosheh/projects/tpmmanager/doc/src/tpmmanager.tex
(/home/anoosheh/projects/tpmmanager/doc/src/tpmmanager.tex
LaTeX2e <2003/12/01>
Babel <v3.8d> and hyphenation patterns for american, french, german, ngerman, b
ahasa, basque, bulgarian, catalan, croatian, czech, danish, dutch, esperanto, e
stonian, finnish, greek, icelandic, irish, italian, latin, magyar, norsk, polis
h, portuges, romanian, russian, serbian, slovak, slovene, spanish, swedish, tur
kish, ukrainian, nohyphenation, loaded.
(/home/anoosheh/projects/templates/templates/latex/cls/sirrixreport.cls
Document Class: sirrixreport 2008/01/17 Version 0.1 Christian Stueble
(/home/anoosheh/projects/templates/templates/latex/cls/sirrixbase.cls
Document Class: sirrixbase 2008/01/17 Version 0.1 Christian Stueble
(/usr/share/texmf/tex/latex/koma-script/scrbook.cls
Document Class: scrbook 2004/09/16 v2.9t LaTeX2e KOMA document class
(/usr/share/texmf/tex/latex/koma-script/scrlfile.sty
Package: scrlfile 2004/09/16 v2.9t LaTeX2e KOMA package

Package scrlfile, 2004/09/16 v2.9t LaTeX2e KOMA package
                  Copyright (C) Markus Kohm

) (/usr/share/texmf/tex/latex/base/bk11.clo
File: bk11.clo 2004/02/16 v1.4f Standard LaTeX file (size option)
)
(/usr/share/texmf/tex/latex/koma-script/typearea.sty
Package: typearea 2004/09/16 v2.9t LaTeX2e KOMA package

Package typearea, 2004/09/16 v2.9t LaTeX2e KOMA package
                  Copyright (C) Frank Neukam, 1992-1994
                  Copyright (C) Markus Kohm, 1994-2002

\ta@bcor=\skip41
\ta@div=\count79
\ta@hblk=\skip42
\ta@vblk=\skip43
\ta@temp=\skip44
Package typearea Info: These are the values describing the layout:
(typearea)             DIV  = 10
(typearea)             BCOR = 0.0pt
(typearea)             \paperwidth      = 597.50793pt
(typearea)              \textwidth      = 418.25555pt
(typearea)              \columnwidth    = 0.0pt
(typearea)              \columnsep      = 0.0pt
(typearea)              DIV-departure   = -6/100
(typearea)              \evensidemargin = 47.2316pt
(typearea)              \oddsidemargin  = -12.5192pt
(typearea)             \paperheight     = 845.04694pt
(typearea)              \textheight     = 555.00024pt
(typearea)              \topmargin      = 12.2347pt
(typearea)              \headheight     = 17.0pt
(typearea)              \headsep        = 20.40001pt
(typearea)              \topskip        = 11.0pt
(typearea)              \footskip       = 47.60002pt
(typearea)              \baselineskip   = 13.6pt
(typearea)              on input line 633.
)
\c@part=\count80
\c@chapter=\count81
\c@section=\count82
\c@subsection=\count83
\c@subsubsection=\count84
\c@paragraph=\count85
\c@subparagraph=\count86
\c@figure=\count87
\c@table=\count88
\abovecaptionskip=\skip45
\belowcaptionskip=\skip46
\c@pti@nb@sid@b@x=\box26
\bibindent=\dimen102
) (/usr/share/texmf/tex/generic/babel/babel.sty
Package: babel 2004/11/20 v3.8d The Babel package

(/usr/share/texmf/tex/generic/babel/english.ldf
Language: english 2004/06/14 v3.3o English support from the babel system

(/usr/share/texmf/tex/generic/babel/babel.def
File: babel.def 2004/11/20 v3.8d Babel common definitions
\babel@savecnt=\count89
\U@D=\dimen103
)
\l@british = a dialect from \language\l@english 
\l@UKenglish = a dialect from \language\l@english 
\l@canadian = a dialect from \language\l@american 
\l@australian = a dialect from \language\l@british 
\l@newzealand = a dialect from \language\l@british 
))
(/usr/share/texmf/tex/latex/base/inputenc.sty
Package: inputenc 2004/02/05 v1.0d Input encoding file

(/usr/share/texmf/tex/latex/base/latin1.def
File: latin1.def 2004/02/05 v1.0d Input encoding file
))
(/usr/share/texmf/tex/latex/graphics/graphicx.sty
Package: graphicx 1999/02/16 v1.0f Enhanced LaTeX Graphics (DPC,SPQR)

(/usr/share/texmf/tex/latex/graphics/keyval.sty
Package: keyval 1999/03/16 v1.13 key=value parser (DPC)
\KV@toks@=\toks14
)
(/usr/share/texmf/tex/latex/graphics/graphics.sty
Package: graphics 2001/07/07 v1.0n Standard LaTeX Graphics (DPC,SPQR)

(/usr/share/texmf/tex/latex/graphics/trig.sty
Package: trig 1999/03/16 v1.09 sin cos tan (DPC)
)
(/usr/share/texmf/tex/latex/graphics/graphics.cfg
File: graphics.cfg 2005/02/03 v1.3 graphics configuration of teTeX/TeXLive
)
Package graphics Info: Driver file: pdftex.def on input line 80.

(/usr/share/texmf/tex/latex/graphics/pdftex.def
File: pdftex.def 2002/06/19 v0.03k graphics/color for pdftex
\Gread@gobject=\count90
))
\Gin@req@height=\dimen104
\Gin@req@width=\dimen105
)
(/usr/share/texmf/tex/latex/appendix/appendix.sty
Package: appendix 2002/08/06 v1.2 extra appendix facilities
\c@@pps=\count91
\c@@ppsavesec=\count92
\c@@ppsaveapp=\count93
)
(/usr/share/texmf/tex/latex/hyperref/hyperref.sty
Package: hyperref 2003/11/30 v6.74m Hypertext links for LaTeX
\@linkdim=\dimen106
\Hy@linkcounter=\count94
\Hy@pagecounter=\count95

(/usr/share/texmf/tex/latex/hyperref/pd1enc.def
File: pd1enc.def 2003/11/30 v6.74m Hyperref: PDFDocEncoding definition (HO)
)
(/usr/share/texmf/tex/latex/hyperref/hyperref.cfg
File: hyperref.cfg 2002/06/06 v1.2 hyperref configuration of TeXLive and teTeX
)
Package hyperref Info: Option `bookmarksopen' set `true' on input line 1830.
Package hyperref Info: Option `colorlinks' set `true' on input line 1830.
Package hyperref Info: Hyper figures OFF on input line 1880.
Package hyperref Info: Link nesting OFF on input line 1885.
Package hyperref Info: Hyper index ON on input line 1888.
Package hyperref Info: Plain pages ON on input line 1893.
Package hyperref Info: Backreferencing OFF on input line 1900.

Implicit mode ON; LaTeX internals redefined
Package hyperref Info: Bookmarks ON on input line 2004.
(/usr/share/texmf/tex/latex/html/url.sty
Package: url 1999/03/02  ver 1.4  Verb mode for urls, email addresses, and file
 names
)
LaTeX Info: Redefining \url on input line 2143.
\Fld@menulength=\count96
\Field@Width=\dimen107
\Fld@charsize=\dimen108
\Choice@toks=\toks15
\Field@toks=\toks16
Package hyperref Info: Hyper figures OFF on input line 2618.
Package hyperref Info: Link nesting OFF on input line 2623.
Package hyperref Info: Hyper index ON on input line 2626.
Package hyperref Info: backreferencing OFF on input line 2633.
Package hyperref Info: Link coloring ON on input line 2636.
\c@Item=\count97
\c@Hfootnote=\count98
)
*hyperref using driver hpdftex*
(/usr/share/texmf/tex/latex/hyperref/hpdftex.def
File: hpdftex.def 2003/11/30 v6.74m Hyperref driver for pdfTeX

(/usr/share/texmf/tex/latex/psnfss/pifont.sty
Package: pifont 2004/09/15 PSNFSS-v9.2 Pi font support (SPQR) 
LaTeX Font Info:    Try loading font information for U+pzd on input line 63.

(/usr/share/texmf/tex/latex/psnfss/upzd.fd
File: upzd.fd 2001/06/04 font definitions for U/pzd.
)
LaTeX Font Info:    Try loading font information for U+psy on input line 64.

(/usr/share/texmf/tex/latex/psnfss/upsy.fd
File: upsy.fd 2001/06/04 font definitions for U/psy.
))
\Fld@listcount=\count99
\@outlinefile=\write3
)
(/home/anoosheh/projects/templates/templates/latex/styles/sirrixglossary.sty
(/usr/share/texmf/tex/latex/tools/xspace.sty
Package: xspace 1997/10/13 v1.06 Space after command names (DPC)
)
(/home/anoosheh/projects/templates/templates/latex/styles/glossary.sty
Package: glossary 2006/07/20 2.4 (NLCT)

(/usr/share/texmf/tex/latex/base/ifthen.sty
Package: ifthen 2001/05/26 v1.1c Standard LaTeX ifthen package (DPC)
)
\gls@cols=\count100

No configuration file glossary.cfg found
(/usr/share/texmf/tex/latex/tools/longtable.sty
Package: longtable 2004/02/01 v4.11 Multi-page Table package (DPC)
\LTleft=\skip47
\LTright=\skip48
\LTpre=\skip49
\LTpost=\skip50
\LTchunksize=\count101
\LTcapwidth=\dimen109
\LT@head=\box27
\LT@firsthead=\box28
\LT@foot=\box29
\LT@lastfoot=\box30
\LT@cols=\count102
\LT@rows=\count103
\c@LT@tables=\count104
\c@LT@chunks=\count105
\LT@p@ftn=\toks17
)
Class scrbook Info: longtable captions redefined on input line 522.
\descriptionwidth=\skip51
\istfile=\write4
))
Package typearea Info: These are the values describing the layout:
(typearea)             DIV  = 11
(typearea)             BCOR = 0.0pt
(typearea)             \paperwidth      = 597.50793pt
(typearea)              \textwidth      = 434.55125pt
(typearea)              \columnwidth    = 418.25555pt
(typearea)              \columnsep      = 10.0pt
(typearea)              DIV-departure   = -10/100
(typearea)              \evensidemargin = 36.3678pt
(typearea)              \oddsidemargin  = -17.9511pt
(typearea)             \paperheight     = 845.04694pt
(typearea)              \textheight     = 582.20026pt
(typearea)              \topmargin      = 4.55246pt
(typearea)              \headheight     = 17.0pt
(typearea)              \headsep        = 20.40001pt
(typearea)              \topskip        = 11.0pt
(typearea)              \footskip       = 47.60002pt
(typearea)              \baselineskip   = 13.6pt
(typearea)              on input line 30.
\@indexfile=\write5
\openout5 = `tpmmanager.idx'.


Writing index file tpmmanager.idx
\@acronymfile=\write6
\openout6 = `tpmmanager.acr'.

Writing acronym file tpmmanager.acr 
\@glossaryfile=\write7
\openout7 = `tpmmanager.glo'.

Writing glossary file tpmmanager.glo 
(/home/anoosheh/projects/templates/templates/latex/src/glossary.tex)))
(/home/anoosheh/projects/templates/templates/latex/styles/svnkw.sty
Package: svnkw 2006/05/27 v1.0 SVN Keywords
\svn@case=\count106
)
(/home/anoosheh/projects/templates/templates/latex/styles/sirrixcomments.sty
(/usr/share/texmf/tex/latex/framed/framed.sty
Package: framed 2003/07/21 v 0.8a: framed or shaded text with page breaks
\FrameRule=\dimen110
\FrameSep=\dimen111
)
(/usr/share/texmf/tex/latex/graphics/color.sty
Package: color 1999/02/16 v1.0i Standard LaTeX Color (DPC)

(/usr/share/texmf/tex/latex/graphics/color.cfg
File: color.cfg 2005/02/03 v1.3 color configuration of teTeX/TeXLive
)
Package color Info: Driver file: pdftex.def on input line 125.
)
(/usr/share/texmf/tex/latex/comment/comment.sty
\CommentStream=\write8
 Excluding comment 'comment')
(/usr/share/texmf/tex/latex/endnotes/endnotes.sty
\c@endnote=\count107
\endnotesep=\dimen112
\@enotes=\write9
))
(/home/anoosheh/projects/templates/templates/latex/styles/requirements.sty
\c@assumption=\count108
\c@threat=\count109
\c@secobjtoe=\count110
\c@secobjenv=\count111
\c@orgsp=\count112
\c@secreq=\count113
\c@appscenario=\count114
\c@prerequisite=\count115
\c@mandatory=\count116
\c@supplementary=\count117
\c@desired=\count118
\c@data=\count119
)
(/home/anoosheh/projects/templates/templates/latex/styles/usecase.sty
Package: usecase 

(/usr/share/texmf/tex/latex/paralist/paralist.sty
Package: paralist 2002/03/18 v2.3b Extended list environments (BS)
\pltopsep=\skip52
\plpartopsep=\skip53
\plitemsep=\skip54
\plparsep=\skip55
\pl@lab=\toks18
)
\c@usecasenr=\count120
)
(/usr/share/texmf/tex/latex/listings/listings.sty
\lst@mode=\count121
\lst@gtempboxa=\box31
\lst@token=\toks19
\lst@length=\count122
\lst@currlwidth=\dimen113
\lst@column=\count123
\lst@pos=\count124
\lst@lostspace=\dimen114
\lst@width=\dimen115
\lst@newlines=\count125
\lst@lineno=\count126
\c@lstlisting=\count127
\lst@maxwidth=\dimen116

(/usr/share/texmf/tex/latex/listings/lstpatch.sty
File: lstpatch.sty 2004/10/17 1.3b (Carsten Heinz)
)
(/usr/share/texmf/tex/latex/listings/lstmisc.sty
File: lstmisc.sty 2004/09/07 1.3 (Carsten Heinz)
\c@lstnumber=\count128
\lst@skipnumbers=\count129
\lst@framebox=\box32
)
(/usr/share/texmf/tex/latex/listings/listings.cfg
File: listings.cfg 2004/09/05 1.3 listings configuration
))
Package: listings 2004/10/17 1.3b (Carsten Heinz)
 (./tpmmanager.aux)
\openout1 = `tpmmanager.aux'.

LaTeX Font Info:    Checking defaults for OML/cmm/m/it on input line 48.
LaTeX Font Info:    ... okay on input line 48.
LaTeX Font Info:    Checking defaults for T1/cmr/m/n on input line 48.
LaTeX Font Info:    ... okay on input line 48.
LaTeX Font Info:    Checking defaults for OT1/cmr/m/n on input line 48.
LaTeX Font Info:    ... okay on input line 48.
LaTeX Font Info:    Checking defaults for OMS/cmsy/m/n on input line 48.
LaTeX Font Info:    ... okay on input line 48.
LaTeX Font Info:    Checking defaults for OMX/cmex/m/n on input line 48.
LaTeX Font Info:    ... okay on input line 48.
LaTeX Font Info:    Checking defaults for U/cmr/m/n on input line 48.
LaTeX Font Info:    ... okay on input line 48.
LaTeX Font Info:    Checking defaults for PD1/pdf/m/n on input line 48.
LaTeX Font Info:    ... okay on input line 48.

(/usr/share/texmf/tex/context/base/supp-pdf.tex
(/usr/share/texmf/tex/context/base/supp-mis.tex
loading : Context Support Macros / Miscellaneous (2004.10.26)
\protectiondepth=\count130
\scratchcounter=\count131
\scratchtoks=\toks20
\scratchdimen=\dimen117
\scratchskip=\skip56
\scratchmuskip=\muskip10
\scratchbox=\box33
\scratchread=\read1
\scratchwrite=\write10
\zeropoint=\dimen118
\onepoint=\dimen119
\onebasepoint=\dimen120
\minusone=\count132
\thousandpoint=\dimen121
\onerealpoint=\dimen122
\emptytoks=\toks21
\nextbox=\box34
\nextdepth=\dimen123
\everyline=\toks22
\!!counta=\count133
\!!countb=\count134
\recursecounter=\count135
)
loading : Context Support Macros / PDF (2004.03.26)
\nofMPsegments=\count136
\nofMParguments=\count137
\MPscratchCnt=\count138
\MPscratchDim=\dimen124
\MPnumerator=\count139
\everyMPtoPDFconversion=\toks23
)
Package hyperref Info: Link coloring ON on input line 48.
 (/usr/share/texmf/tex/latex/hyperref/nameref.sty
Package: nameref 2003/12/03 v2.21 Cross-referencing by name of section
\c@section@level=\count140
)
LaTeX Info: Redefining \ref on input line 48.
LaTeX Info: Redefining \pageref on input line 48.
 (./tpmmanager.out)
(./tpmmanager.out)
\openout3 = `tpmmanager.out'.

 <cover.png, id=334, 492.84125pt x 360.34625pt>
File: cover.png Graphic file (type png)

<use cover.png>
LaTeX Font Info:    External font `cmex10' loaded for size
(Font)              <10.95> on input line 50.
LaTeX Font Info:    External font `cmex10' loaded for size
(Font)              <8> on input line 50.
LaTeX Font Info:    External font `cmex10' loaded for size
(Font)              <6> on input line 50.
 <logo-text.pdf, id=335, 235.88126pt x 67.25125pt>
File: logo-text.pdf Graphic file (type pdf)

<use logo-text.pdf> <syssec-logo.png, id=336, 476.78125pt x 715.67375pt>
File: syssec-logo.png Graphic file (type png)

<use syssec-logo.png>
Overfull \hbox (14.73148pt too wide) in paragraph at lines 50--50
 [] 
 []

[1

\openout4 = `tpmmanager.ist'.

{/var/lib/texmf/fonts/map/pdftex/updmap/pdftex.map} </home/anoosheh/projects/tp
mmanager/doc/images/cover.png> </home/anoosheh/projects/templates/templates/log
os/sirrix/logo-text.pdf> </home/anoosheh/projects/tpmmanager/doc/images/syssec-
logo.png>] [2

]
Underfull \hbox (badness 10000) in paragraph at lines 55--56

 []


Underfull \hbox (badness 10000) in paragraph at lines 57--61

 []


Underfull \hbox (badness 10000) in paragraph at lines 57--61

 []


Underfull \hbox (badness 10000) in paragraph at lines 62--64

 []

[3] [4

] (./tpmmanager.toc [5] [6])
\tf@toc=\write11
\openout11 = `tpmmanager.toc'.

 [7] [8

] (./tpmmanager.lof)
\tf@lof=\write12
\openout12 = `tpmmanager.lof'.


(/usr/share/texmf/tex/latex/listings/lstlang1.sty
File: lstlang1.sty 2004/09/05 1.3 listings language file
)
(/usr/share/texmf/tex/latex/listings/lstmisc.sty
File: lstmisc.sty 2004/09/07 1.3 (Carsten Heinz)
) [9] [10

]
Chapter 1.
[11] [12]
Chapter 2.
LaTeX Font Info:    Try loading font information for OMS+cmr on input line 122.

(/usr/share/texmf/tex/latex/base/omscmr.fd
File: omscmr.fd 1999/05/25 v2.5h Standard LaTeX font definitions
)
LaTeX Font Info:    Font shape `OMS/cmr/m/n' in size <10.95> not available
(Font)              Font shape `OMS/cmsy/m/n' tried instead on input line 122.
 [13

]
<images/graphic3.jpg, id=592, 889.3225pt x 466.74374pt>
File: images/graphic3.jpg Graphic file (type jpg)

<use images/graphic3.jpg>

LaTeX Warning: `h' float specifier changed to `ht'.

[14] [15 <./images/graphic3.jpg>]

Package hyperref Warning: Token not allowed in a PDFDocEncoded string,
(hyperref)                removing `\hbox' on input line 201.

<images/uc10.jpg, id=602, 699.28859pt x 447.87042pt>
File: images/uc10.jpg Graphic file (type jpg)
 <use images/uc10.jpg>
[16

 <./images/uc10.jpg>]

Package hyperref Warning: Token not allowed in a PDFDocEncoded string,
(hyperref)                removing `\hbox' on input line 227.

<images/graphic4.jpg, id=613, 753.81625pt x 446.66875pt>
File: images/graphic4.jpg Graphic file (type jpg)

<use images/graphic4.jpg> [17

 <./images/graphic4.jpg>]

Package hyperref Warning: Token not allowed in a PDFDocEncoded string,
(hyperref)                removing `\hbox' on input line 250.

<images/graphic5.jpg, id=621, 695.59875pt x 412.54124pt>
File: images/graphic5.jpg Graphic file (type jpg)

<use images/graphic5.jpg> [18

 <./images/graphic5.jpg>]

Package hyperref Warning: Token not allowed in a PDFDocEncoded string,
(hyperref)                removing `\hbox' on input line 281.

<images/graphic6.jpg, id=632, 715.67375pt x 422.57875pt>
File: images/graphic6.jpg Graphic file (type jpg)

<use images/graphic6.jpg> [19

 <./images/graphic6.jpg>]

Package hyperref Warning: Token not allowed in a PDFDocEncoded string,
(hyperref)                removing `\hbox' on input line 302.


Underfull \hbox (badness 1584) in paragraph at lines 312--313
[]\OT1/cmr/m/n/10.95 User chooses the de-fault choice (set SRK to
 []


Underfull \hbox (badness 10000) in paragraph at lines 313--314
[]\OT1/cmr/m/n/10.95 TPM Man-ager set SRK pass-word to
 []

[20

]

Package hyperref Warning: Token not allowed in a PDFDocEncoded string,
(hyperref)                removing `\hbox' on input line 332.

[21

]

Package hyperref Warning: Token not allowed in a PDFDocEncoded string,
(hyperref)                removing `\hbox' on input line 354.

<images/graphic7.jpg, id=679, 705.63625pt x 469.755pt>
File: images/graphic7.jpg Graphic file (type jpg)

<use images/graphic7.jpg>

LaTeX Warning: `h' float specifier changed to `ht'.

[22

] [23 <./images/graphic7.jpg>]

Package hyperref Warning: Token not allowed in a PDFDocEncoded string,
(hyperref)                removing `\hbox' on input line 383.

[24

]

Package hyperref Warning: Token not allowed in a PDFDocEncoded string,
(hyperref)                removing `\hbox' on input line 401.

<images/graphic8.jpg, id=708, 700.6175pt x 439.6425pt>
File: images/graphic8.jpg Graphic file (type jpg)

<use images/graphic8.jpg> [25

 <./images/graphic8.jpg>]

Package hyperref Warning: Token not allowed in a PDFDocEncoded string,
(hyperref)                removing `\hbox' on input line 428.

[26

]

Package hyperref Warning: Token not allowed in a PDFDocEncoded string,
(hyperref)                removing `\hbox' on input line 442.

<images/graphic9.jpg, id=727, 671.50874pt x 399.4925pt>
File: images/graphic9.jpg Graphic file (type jpg)

<use images/graphic9.jpg> [27

 <./images/graphic9.jpg>]

Package hyperref Warning: Token not allowed in a PDFDocEncoded string,
(hyperref)                removing `\hbox' on input line 466.


Package hyperref Warning: Token not allowed in a PDFDocEncoded string,
(hyperref)                removing `\hbox' on input line 479.


Package hyperref Warning: Token not allowed in a PDFDocEncoded string,
(hyperref)                removing `\hbox' on input line 485.

[28

]

Package hyperref Warning: Token not allowed in a PDFDocEncoded string,
(hyperref)                removing `\hbox' on input line 502.

<images/graphic10.jpg, id=748, 699.61375pt x 436.63126pt>
File: images/graphic10.jpg Graphic file (type jpg)

<use images/graphic10.jpg> [29

 <./images/graphic10.jpg>]

Package hyperref Warning: Token not allowed in a PDFDocEncoded string,
(hyperref)                removing `\hbox' on input line 514.

<images/graphic11.jpg, id=757, 715.67375pt x 439.6425pt>
File: images/graphic11.jpg Graphic file (type jpg)

<use images/graphic11.jpg> [30

 <./images/graphic11.jpg>]

Package hyperref Warning: Token not allowed in a PDFDocEncoded string,
(hyperref)                removing `\hbox' on input line 530.

<images/graphic12.jpg, id=763, 739.76375pt x 455.7025pt>
File: images/graphic12.jpg Graphic file (type jpg)

<use images/graphic12.jpg> [31

 <./images/graphic12.jpg>]

Package hyperref Warning: Token not allowed in a PDFDocEncoded string,
(hyperref)                removing `\hbox' on input line 543.

<images/graphic13.jpg, id=770, 670.505pt x 455.7025pt>
File: images/graphic13.jpg Graphic file (type jpg)

<use images/graphic13.jpg> [32

 <./images/graphic13.jpg>]

Package hyperref Warning: Token not allowed in a PDFDocEncoded string,
(hyperref)                removing `\hbox' on input line 556.

<images/graphic14.jpg, id=776, 691.58376pt x 444.66125pt>
File: images/graphic14.jpg Graphic file (type jpg)

<use images/graphic14.jpg> [33

 <./images/graphic14.jpg>]

Package hyperref Warning: Token not allowed in a PDFDocEncoded string,
(hyperref)                removing `\hbox' on input line 579.


Package hyperref Warning: Token not allowed in a PDFDocEncoded string,
(hyperref)                removing `\hbox' on input line 584.


Package hyperref Warning: Token not allowed in a PDFDocEncoded string,
(hyperref)                removing `\hbox' on input line 589.

[34

] [35

] [36]
Chapter 3.
<images/graphic22.jpg, id=805, 300.12125pt x 329.23pt>
File: images/graphic22.jpg Graphic file (type jpg)

<use images/graphic22.jpg> [37

 <./images/graphic22.jpg>]
LaTeX Font Info:    External font `cmex10' loaded for size
(Font)              <9> on input line 731.
LaTeX Font Info:    External font `cmex10' loaded for size
(Font)              <5> on input line 731.
File: images/graphic7.jpg Graphic file (type jpg)

<use images/graphic7.jpg>

LaTeX Warning: `h' float specifier changed to `ht'.

[38

] [39] <images/graphic19.jpg, id=843, 884.30376pt x 640.3925pt>
File: images/graphic19.jpg Graphic file (type jpg)

<use images/graphic19.jpg> [40

 <./images/graphic19.jpg>]
<images/graphic20.jpg, id=864, 1031.855pt x 666.49pt>
File: images/graphic20.jpg Graphic file (type jpg)

<use images/graphic20.jpg> [41

 <./images/graphic20.jpg>] [42

]
Chapter 4.

Overfull \hbox (34.19638pt too wide) in paragraph at lines 839--840
\OT1/cmr/m/n/10.95 The TPM Man-ager is hosted on source-forge at [][]$\OT1/cmtt
/m/n/10.95 http : / / sourceforge . net / projects / tpmmanager/$[][]\OT1/cmr/m
/n/10.95 .
 []

Package hyperref Info: bookmark level for unknown lstlisting defaults to 0 on i
nput line 842.
LaTeX Font Info:    External font `cmex10' loaded for size
(Font)              <7> on input line 843.
[43

] <images/tpmmanager.jpg, id=887, 865.20422pt x 632.10803pt>
File: images/tpmmanager.jpg Graphic file (type jpg)

<use images/tpmmanager.jpg> <images/stat.jpg, id=888, 421.575pt x 137.51375pt>
File: images/stat.jpg Graphic file (type jpg)

<use images/stat.jpg> [44

 <./images/tpmmanager.jpg> <./images/stat.jpg>]
<images/status.jpg, id=895, 815.045pt x 511.9125pt>
File: images/status.jpg Graphic file (type jpg)
 <use images/status.jpg>
<images/status3.jpg, id=896, 853.1875pt x 623.32875pt>
File: images/status3.jpg Graphic file (type jpg)

<use images/status3.jpg>

LaTeX Warning: `h' float specifier changed to `ht'.

[45

 <./images/status.jpg>] [46 <./images/status3.jpg>]
<images/take.jpg, id=907, 849.1725pt x 631.35875pt>
File: images/take.jpg Graphic file (type jpg)
 <use images/take.jpg>
<images/srk.jpg, id=908, 559.08875pt x 320.19624pt>
File: images/srk.jpg Graphic file (type jpg)
 <use images/srk.jpg>
<images/take2.jpg, id=909, 849.1725pt x 631.35875pt>
File: images/take2.jpg Graphic file (type jpg)
 <use images/take2.jpg>

LaTeX Warning: `h' float specifier changed to `ht'.


LaTeX Warning: `h' float specifier changed to `ht'.


LaTeX Warning: `h' float specifier changed to `ht'.

[47

] [48 <./images/take.jpg> <./images/srk.jpg>] [49 <./images/take2.jpg>]
<images/disable.jpg, id=926, 849.1725pt x 553.06625pt>
File: images/disable.jpg Graphic file (type jpg)

<use images/disable.jpg>

LaTeX Warning: `h' float specifier changed to `ht'.

<images/enable.jpg, id=927, 849.1725pt x 553.06625pt>
File: images/enable.jpg Graphic file (type jpg)
 <use images/enable.jpg>

LaTeX Warning: `h' float specifier changed to `ht'.

[50

] [51 <./images/disable.jpg> <./images/enable.jpg>] (./tpmmanager.bbl
[52

]
Underfull \hbox (badness 5345) in paragraph at lines 15--19
[]\OT1/cmr/m/n/10.95 Trusted Com-put-ing Group.  TCG soft-ware stack spec-i-fi-
ca-tion.  [][]$\OT1/cmtt/m/n/10.95 http : / /
 []


Underfull \hbox (badness 5345) in paragraph at lines 21--25
[]\OT1/cmr/m/n/10.95 Trusted Com-put-ing Group.  TCG soft-ware stack spec-i-fi-
ca-tion.  [][]$\OT1/cmtt/m/n/10.95 http : / /
 []

) (./tpmmanager.acn [53

] [54

]) (./tpmmanager.gls [55

] [56

] [57

]) [58]
(./tpmmanager.aux) ) 
Here is how much of TeX's memory you used:
 8029 strings out of 94432
 111232 string characters out of 1175566
 242434 words of memory out of 1000000
 10811 multiletter control sequences out of 10000+50000
 12005 words of font info for 42 fonts, out of 500000 for 2000
 580 hyphenation exceptions out of 1000
 47i,12n,49p,700b,1423s stack positions out of 1500i,500n,5000p,200000b,5000s
PDF statistics:
 1033 PDF objects out of 300000
 276 named destinations out of 131072
 813 words of extra memory for PDF output out of 10000
</usr/share/texmf/fonts/type1/bluesky/cm/cmr9.pfb></usr/sha
re/texmf/fonts/type1/bluesky/cm/cmr6.pfb></usr/share/texmf/fonts/type1/bluesky/
cm/cmr8.pfb></usr/share/texmf/fonts/type1/bluesky/cm/cmbx10.pfb></usr/share/tex
mf/fonts/type1/bluesky/cm/cmcsc10.pfb></usr/share/texmf/fonts/type1/bluesky/cm/
cmti10.pfb></usr/share/texmf/fonts/type1/bluesky/cm/cmsy10.pfb></usr/share/texm
f/fonts/type1/bluesky/cm/cmsl10.pfb></usr/share/texmf/fonts/type1/bluesky/cm/cm
tt10.pfb></usr/share/texmf/fonts/type1/bluesky/cm/cmbx12.pfb></usr/share/texmf/
fonts/type1/bluesky/cm/cmr10.pfb></usr/share/texmf/fonts/type1/bluesky/cm/cmssb
x10.pfb>
Output written on tpmmanager.pdf (58 pages, 1578912 bytes).
